0 info it worked if it ends with ok
1 verbose cli [ 'C:\\Program Files\\nodejs\\node.exe',
1 verbose cli   'C:\\Users\\Tea\\AppData\\Roaming\\npm\\node_modules\\npm\\bin\\npm-cli.js',
1 verbose cli   'run',
1 verbose cli   'lite' ]
2 info using npm@3.10.6
3 info using node@v4.3.0
4 verbose run-script [ 'prelite', 'lite', 'postlite' ]
5 info lifecycle angular2-test@1.0.0~prelite: angular2-test@1.0.0
6 silly lifecycle angular2-test@1.0.0~prelite: no script for prelite, continuing
7 info lifecycle angular2-test@1.0.0~lite: angular2-test@1.0.0
8 verbose lifecycle angular2-test@1.0.0~lite: unsafe-perm in lifecycle true
9 verbose lifecycle angular2-test@1.0.0~lite: PATH: C:\Users\Tea\AppData\Roaming\npm\node_modules\npm\bin\node-gyp-bin;C:\Users\Tea\Desktop\angular2-seed\node_modules\.bin;C:\Users\Tea\AppData\Roaming\npm\node_modules\npm\bin\node-gyp-bin;C:\Users\Tea\Desktop\angular2-seed\node_modules\.bin;C:\Program Files\ImageMagick-7.0.2-Q16;C:\ProgramData\Oracle\Java\javapath;C:\Program Files\Dell\DW WLAN Card;C:\Windows\system32;C:\Windows;C:\Windows\System32\Wbem;C:\Windows\System32\WindowsPowerShell\v1.0\;C:\Program Files\nodejs\;C:\Program Files\MongoDB\Server\3.2\bin;C:\Program Files\Git\cmd;C:\Windows\system32\config\systemprofile\.dnx\bin;C:\Program Files\Microsoft DNX\Dnvm\;C:\Program Files\Microsoft SQL Server\130\Tools\Binn\;C:\Users\Tea\AppData\Roaming\npm
10 verbose lifecycle angular2-test@1.0.0~lite: CWD: C:\Users\Tea\Desktop\angular2-seed
11 silly lifecycle angular2-test@1.0.0~lite: Args: [ '/d /s /c', 'lite-server' ]
12 silly lifecycle angular2-test@1.0.0~lite: Returned: code: 3  signal: null
13 info lifecycle angular2-test@1.0.0~lite: Failed to exec lite script
14 verbose stack Error: angular2-test@1.0.0 lite: `lite-server`
14 verbose stack Exit status 3
14 verbose stack     at EventEmitter.<anonymous> (C:\Users\Tea\AppData\Roaming\npm\node_modules\npm\lib\utils\lifecycle.js:255:16)
14 verbose stack     at emitTwo (events.js:87:13)
14 verbose stack     at EventEmitter.emit (events.js:172:7)
14 verbose stack     at ChildProcess.<anonymous> (C:\Users\Tea\AppData\Roaming\npm\node_modules\npm\lib\utils\spawn.js:40:14)
14 verbose stack     at emitTwo (events.js:87:13)
14 verbose stack     at ChildProcess.emit (events.js:172:7)
14 verbose stack     at maybeClose (internal/child_process.js:821:16)
14 verbose stack     at Process.ChildProcess._handle.onexit (internal/child_process.js:211:5)
15 verbose pkgid angular2-test@1.0.0
16 verbose cwd C:\Users\Tea\Desktop\angular2-seed
17 error Windows_NT 6.1.7601
18 error argv "C:\\Program Files\\nodejs\\node.exe" "C:\\Users\\Tea\\AppData\\Roaming\\npm\\node_modules\\npm\\bin\\npm-cli.js" "run" "lite"
19 error node v4.3.0
20 error npm  v3.10.6
21 error code ELIFECYCLE
22 error angular2-test@1.0.0 lite: `lite-server`
22 error Exit status 3
23 error Failed at the angular2-test@1.0.0 lite script 'lite-server'.
23 error Make sure you have the latest version of node.js and npm installed.
23 error If you do, this is most likely a problem with the angular2-test package,
23 error not with npm itself.
23 error Tell the author that this fails on your system:
23 error     lite-server
23 error You can get information on how to open an issue for this project with:
23 error     npm bugs angular2-test
23 error Or if that isn't available, you can get their info via:
23 error     npm owner ls angular2-test
23 error There is likely additional logging output above.
24 verbose exit [ 1, true ]
